<?xml version="1.0" encoding="UTF-8"?>
<!-- Generated by org.testng.reporters.JUnitXMLReporter -->
<testsuite hostname="domsbook.dorne.domlucia.com" name="Surefire test" tests="8" failures="0" timestamp="20 Jun 2016 18:58:25 GMT" time="12.384" errors="0">
  <testcase name="guineaPigTitle2" time="5.037" classname="com.yourcompany.SampleSauceTest"/>
  <testcase name="guineaPigTitle" time="5.79" classname="com.yourcompany.SampleSauceTest"/>
  <testcase name="guineaPigTitle" time="7.031" classname="com.yourcompany.SampleSauceTest"/>
  <testcase name="guineaPigTitle2" time="7.559" classname="com.yourcompany.SampleSauceTest"/>
  <testcase name="guineaPigTitle2" time="9.308" classname="com.yourcompany.SampleSauceTest"/>
  <testcase name="guineaPigTitle2" time="11.353" classname="com.yourcompany.SampleSauceTest"/>
  <testcase name="guineaPigTitle" time="11.774" classname="com.yourcompany.SampleSauceTest"/>
  <testcase name="guineaPigTitle" time="12.058" classname="com.yourcompany.SampleSauceTest"/>
</testsuite> <!-- Surefire test -->
