<?xml version="1.0" encoding="UTF-8"?>
<!-- Generated by org.testng.reporters.JUnitXMLReporter -->
<testsuite hostname="domsbook.dorne.domlucia.com" name="Surefire test" tests="8" failures="0" timestamp="28 Jun 2016 19:04:58 GMT" time="16.983" errors="0">
  <testcase name="guineaPigTitle" time="5.371" classname="com.yourcompany.SampleSauceTest"/>
  <testcase name="guineaPigTitle2" time="5.376" classname="com.yourcompany.SampleSauceTest"/>
  <testcase name="guineaPigTitle2" time="7.187" classname="com.yourcompany.SampleSauceTest"/>
  <testcase name="guineaPigTitle" time="7.382" classname="com.yourcompany.SampleSauceTest"/>
  <testcase name="guineaPigTitle" time="8.845" classname="com.yourcompany.SampleSauceTest"/>
  <testcase name="guineaPigTitle2" time="8.984" classname="com.yourcompany.SampleSauceTest"/>
  <testcase name="guineaPigTitle2" time="13.563" classname="com.yourcompany.SampleSauceTest"/>
  <testcase name="guineaPigTitle" time="16.693" classname="com.yourcompany.SampleSauceTest"/>
</testsuite> <!-- Surefire test -->
