<?xml version="1.0" encoding="UTF-8"?>
<testng-results skipped="0" failed="0" total="8" passed="8">
  <reporter-output>
  </reporter-output>
  <suite name="Surefire suite" duration-ms="16983" started-at="2016-06-28T19:04:40Z" finished-at="2016-06-28T19:04:57Z">
    <groups>
    </groups>
    <test name="Surefire test" duration-ms="16983" started-at="2016-06-28T19:04:40Z" finished-at="2016-06-28T19:04:57Z">
      <class name="com.yourcompany.SampleSauceTest">
        <test-method status="PASS" signature="guineaPigTitle2(java.lang.String, java.lang.String, java.lang.String, java.lang.reflect.Method)[pri:0, instance:com.yourcompany.SampleSauceTest@57829d67]" name="guineaPigTitle2" duration-ms="7187" started-at="2016-06-28T14:04:40Z" data-provider="hardCodedBrowsers" finished-at="2016-06-28T14:04:47Z">
          <params>
            <param index="0">
              <value>
                <![CDATA[internet explorer]]>
              </value>
            </param>
            <param index="1">
              <value>
                <![CDATA[11]]>
              </value>
            </param>
            <param index="2">
              <value>
                <![CDATA[Windows 8.1]]>
              </value>
            </param>
            <param index="3">
              <value>
                <![CDATA[public void com.yourcompany.SampleSauceTest.guineaPigTitle2(java.lang.String,java.lang.String,java.lang.String,java.lang.reflect.Method) throws java.lang.Exception]]>
              </value>
            </param>
          </params>
          <reporter-output>
          </reporter-output>
        </test-method> <!-- guineaPigTitle2 -->
        <test-method status="PASS" signature="guineaPigTitle(java.lang.String, java.lang.String, java.lang.String, java.lang.reflect.Method)[pri:0, instance:com.yourcompany.SampleSauceTest@57829d67]" name="guineaPigTitle" duration-ms="5371" started-at="2016-06-28T14:04:40Z" data-provider="hardCodedBrowsers" finished-at="2016-06-28T14:04:46Z">
          <params>
            <param index="0">
              <value>
                <![CDATA[chrome]]>
              </value>
            </param>
            <param index="1">
              <value>
                <![CDATA[41]]>
              </value>
            </param>
            <param index="2">
              <value>
                <![CDATA[Windows XP]]>
              </value>
            </param>
            <param index="3">
              <value>
                <![CDATA[public void com.yourcompany.SampleSauceTest.guineaPigTitle(java.lang.String,java.lang.String,java.lang.String,java.lang.reflect.Method) throws java.lang.Exception]]>
              </value>
            </param>
          </params>
          <reporter-output>
          </reporter-output>
        </test-method> <!-- guineaPigTitle -->
        <test-method status="PASS" signature="guineaPigTitle2(java.lang.String, java.lang.String, java.lang.String, java.lang.reflect.Method)[pri:0, instance:com.yourcompany.SampleSauceTest@57829d67]" name="guineaPigTitle2" duration-ms="5376" started-at="2016-06-28T14:04:40Z" data-provider="hardCodedBrowsers" finished-at="2016-06-28T14:04:46Z">
          <params>
            <param index="0">
              <value>
                <![CDATA[chrome]]>
              </value>
            </param>
            <param index="1">
              <value>
                <![CDATA[41]]>
              </value>
            </param>
            <param index="2">
              <value>
                <![CDATA[Windows XP]]>
              </value>
            </param>
            <param index="3">
              <value>
                <![CDATA[public void com.yourcompany.SampleSauceTest.guineaPigTitle2(java.lang.String,java.lang.String,java.lang.String,java.lang.reflect.Method) throws java.lang.Exception]]>
              </value>
            </param>
          </params>
          <reporter-output>
          </reporter-output>
        </test-method> <!-- guineaPigTitle2 -->
        <test-method status="PASS" signature="guineaPigTitle(java.lang.String, java.lang.String, java.lang.String, java.lang.reflect.Method)[pri:0, instance:com.yourcompany.SampleSauceTest@57829d67]" name="guineaPigTitle" duration-ms="16693" started-at="2016-06-28T14:04:40Z" data-provider="hardCodedBrowsers" finished-at="2016-06-28T14:04:57Z">
          <params>
            <param index="0">
              <value>
                <![CDATA[safari]]>
              </value>
            </param>
            <param index="1">
              <value>
                <![CDATA[7]]>
              </value>
            </param>
            <param index="2">
              <value>
                <![CDATA[OS X 10.9]]>
              </value>
            </param>
            <param index="3">
              <value>
                <![CDATA[public void com.yourcompany.SampleSauceTest.guineaPigTitle(java.lang.String,java.lang.String,java.lang.String,java.lang.reflect.Method) throws java.lang.Exception]]>
              </value>
            </param>
          </params>
          <reporter-output>
          </reporter-output>
        </test-method> <!-- guineaPigTitle -->
        <test-method status="PASS" signature="guineaPigTitle(java.lang.String, java.lang.String, java.lang.String, java.lang.reflect.Method)[pri:0, instance:com.yourcompany.SampleSauceTest@57829d67]" name="guineaPigTitle" duration-ms="7382" started-at="2016-06-28T14:04:40Z" data-provider="hardCodedBrowsers" finished-at="2016-06-28T14:04:48Z">
          <params>
            <param index="0">
              <value>
                <![CDATA[internet explorer]]>
              </value>
            </param>
            <param index="1">
              <value>
                <![CDATA[11]]>
              </value>
            </param>
            <param index="2">
              <value>
                <![CDATA[Windows 8.1]]>
              </value>
            </param>
            <param index="3">
              <value>
                <![CDATA[public void com.yourcompany.SampleSauceTest.guineaPigTitle(java.lang.String,java.lang.String,java.lang.String,java.lang.reflect.Method) throws java.lang.Exception]]>
              </value>
            </param>
          </params>
          <reporter-output>
          </reporter-output>
        </test-method> <!-- guineaPigTitle -->
        <test-method status="PASS" signature="guineaPigTitle2(java.lang.String, java.lang.String, java.lang.String, java.lang.reflect.Method)[pri:0, instance:com.yourcompany.SampleSauceTest@57829d67]" name="guineaPigTitle2" duration-ms="8984" started-at="2016-06-28T14:04:40Z" data-provider="hardCodedBrowsers" finished-at="2016-06-28T14:04:49Z">
          <params>
            <param index="0">
              <value>
                <![CDATA[firefox]]>
              </value>
            </param>
            <param index="1">
              <value>
                <![CDATA[35]]>
              </value>
            </param>
            <param index="2">
              <value>
                <![CDATA[Windows 7]]>
              </value>
            </param>
            <param index="3">
              <value>
                <![CDATA[public void com.yourcompany.SampleSauceTest.guineaPigTitle2(java.lang.String,java.lang.String,java.lang.String,java.lang.reflect.Method) throws java.lang.Exception]]>
              </value>
            </param>
          </params>
          <reporter-output>
          </reporter-output>
        </test-method> <!-- guineaPigTitle2 -->
        <test-method status="PASS" signature="guineaPigTitle(java.lang.String, java.lang.String, java.lang.String, java.lang.reflect.Method)[pri:0, instance:com.yourcompany.SampleSauceTest@57829d67]" name="guineaPigTitle" duration-ms="8845" started-at="2016-06-28T14:04:40Z" data-provider="hardCodedBrowsers" finished-at="2016-06-28T14:04:49Z">
          <params>
            <param index="0">
              <value>
                <![CDATA[firefox]]>
              </value>
            </param>
            <param index="1">
              <value>
                <![CDATA[35]]>
              </value>
            </param>
            <param index="2">
              <value>
                <![CDATA[Windows 7]]>
              </value>
            </param>
            <param index="3">
              <value>
                <![CDATA[public void com.yourcompany.SampleSauceTest.guineaPigTitle(java.lang.String,java.lang.String,java.lang.String,java.lang.reflect.Method) throws java.lang.Exception]]>
              </value>
            </param>
          </params>
          <reporter-output>
          </reporter-output>
        </test-method> <!-- guineaPigTitle -->
        <test-method status="PASS" signature="guineaPigTitle2(java.lang.String, java.lang.String, java.lang.String, java.lang.reflect.Method)[pri:0, instance:com.yourcompany.SampleSauceTest@57829d67]" name="guineaPigTitle2" duration-ms="13563" started-at="2016-06-28T14:04:40Z" data-provider="hardCodedBrowsers" finished-at="2016-06-28T14:04:54Z">
          <params>
            <param index="0">
              <value>
                <![CDATA[safari]]>
              </value>
            </param>
            <param index="1">
              <value>
                <![CDATA[7]]>
              </value>
            </param>
            <param index="2">
              <value>
                <![CDATA[OS X 10.9]]>
              </value>
            </param>
            <param index="3">
              <value>
                <![CDATA[public void com.yourcompany.SampleSauceTest.guineaPigTitle2(java.lang.String,java.lang.String,java.lang.String,java.lang.reflect.Method) throws java.lang.Exception]]>
              </value>
            </param>
          </params>
          <reporter-output>
          </reporter-output>
        </test-method> <!-- guineaPigTitle2 -->
        <test-method status="PASS" signature="tearDown()[pri:0, instance:com.yourcompany.SampleSauceTest@57829d67]" name="tearDown" is-config="true" duration-ms="239" started-at="2016-06-28T14:04:47Z" finished-at="2016-06-28T14:04:47Z">
          <reporter-output>
          </reporter-output>
        </test-method> <!-- tearDown -->
        <test-method status="PASS" signature="tearDown()[pri:0, instance:com.yourcompany.SampleSauceTest@57829d67]" name="tearDown" is-config="true" duration-ms="241" started-at="2016-06-28T14:04:47Z" finished-at="2016-06-28T14:04:47Z">
          <reporter-output>
          </reporter-output>
        </test-method> <!-- tearDown -->
        <test-method status="PASS" signature="tearDown()[pri:0, instance:com.yourcompany.SampleSauceTest@57829d67]" name="tearDown" is-config="true" duration-ms="174" started-at="2016-06-28T14:04:48Z" finished-at="2016-06-28T14:04:48Z">
          <reporter-output>
          </reporter-output>
        </test-method> <!-- tearDown -->
        <test-method status="PASS" signature="tearDown()[pri:0, instance:com.yourcompany.SampleSauceTest@57829d67]" name="tearDown" is-config="true" duration-ms="151" started-at="2016-06-28T14:04:48Z" finished-at="2016-06-28T14:04:48Z">
          <reporter-output>
          </reporter-output>
        </test-method> <!-- tearDown -->
        <test-method status="PASS" signature="tearDown()[pri:0, instance:com.yourcompany.SampleSauceTest@57829d67]" name="tearDown" is-config="true" duration-ms="141" started-at="2016-06-28T14:04:49Z" finished-at="2016-06-28T14:04:49Z">
          <reporter-output>
          </reporter-output>
        </test-method> <!-- tearDown -->
        <test-method status="PASS" signature="tearDown()[pri:0, instance:com.yourcompany.SampleSauceTest@57829d67]" name="tearDown" is-config="true" duration-ms="141" started-at="2016-06-28T14:04:50Z" finished-at="2016-06-28T14:04:50Z">
          <reporter-output>
          </reporter-output>
        </test-method> <!-- tearDown -->
        <test-method status="PASS" signature="tearDown()[pri:0, instance:com.yourcompany.SampleSauceTest@57829d67]" name="tearDown" is-config="true" duration-ms="168" started-at="2016-06-28T14:04:54Z" finished-at="2016-06-28T14:04:54Z">
          <reporter-output>
          </reporter-output>
        </test-method> <!-- tearDown -->
        <test-method status="PASS" signature="tearDown()[pri:0, instance:com.yourcompany.SampleSauceTest@57829d67]" name="tearDown" is-config="true" duration-ms="153" started-at="2016-06-28T14:04:57Z" finished-at="2016-06-28T14:04:57Z">
          <reporter-output>
          </reporter-output>
        </test-method> <!-- tearDown -->
      </class> <!-- com.yourcompany.SampleSauceTest -->
    </test> <!-- Surefire test -->
  </suite> <!-- Surefire suite -->
</testng-results>
